<?xml version="1.0" encoding="utf-8"?><testsuites name="pytest tests"><testsuite name="pytest" errors="0" failures="1" skipped="0" tests="39" time="6.389" timestamp="2026-08-19T13:11:08.164190+00:00" hostname="agent-env-c4e4c8be-2d7e-471a-abf6-51fb9f9c2f74"><testcase classname="tests.backend_test.TestPublic" name="test_root" time="0.494" /><testcase classname="tests.backend_test.TestPublic" name="test_news_list" time="0.175" /><testcase classname="tests.backend_test.TestFinanceFlow" name="test_create_report" time="0.752" /><testcase classname="tests.backend_test.TestPublic" name="test_news_search" time="0.163" /><testcase classname="tests.backend_test.TestFinanceFlow" name="test_not_visible_before_approve" time="0.383" /><testcase classname="tests.backend_test.TestPublic" name="test_news_year_filter" time="0.208" /><testcase classname="tests.backend_test.TestPublic" name="test_news_years" time="0.158" /><testcase classname="tests.backend_test.TestFinanceFlow" name="test_submit" time="0.151" /><testcase classname="tests.backend_test.TestPublic" name="test_finance_public" time="0.137" /><testcase classname="tests.backend_test.TestFinanceFlow" name="test_admin_cannot_approve" time="0.144" /><testcase classname="tests.backend_test.TestPublic" name="test_finance_detail_totals" time="0.450" /><testcase classname="tests.backend_test.TestFinanceFlow" name="test_super_approve" time="0.640" /><testcase classname="tests.backend_test.TestPublic" name="test_rwrt" time="0.164" /><testcase classname="tests.backend_test.TestPublic" name="test_members" time="0.184" /><testcase classname="tests.backend_test.TestFinanceFlow" name="test_update_published_requires_reason" time="0.134" /><testcase classname="tests.backend_test.TestPublic" name="test_faq" time="0.130" /><testcase classname="tests.backend_test.TestFinanceFlow" name="test_update_published_with_reason" time="0.142" /><testcase classname="tests.backend_test.TestPublic" name="test_albums" time="0.148" /><testcase classname="tests.backend_test.TestFinanceFlow" name="test_receipt_visibility_super_only" time="0.432" /><testcase classname="tests.backend_test.TestPublic" name="test_profile" time="0.153" /><testcase classname="tests.backend_test.TestPublic" name="test_settings" time="0.147" /><testcase classname="tests.backend_test.TestFinanceFlow" name="test_unpublish" time="0.459" /><testcase classname="tests.backend_test.TestAuth" name="test_login_super" time="0.366" /><testcase classname="tests.backend_test.TestAuth" name="test_me_super" time="0.132" /><testcase classname="tests.backend_test.TestFinanceFlow" name="test_cleanup_delete" time="0.354" /><testcase classname="tests.backend_test.TestRoleGating" name="test_admin_cannot_list_users" time="0.233" /><testcase classname="tests.backend_test.TestAuth" name="test_me_admin" time="0.541" /><testcase classname="tests.backend_test.TestAuth" name="test_forgot_generic" time="0.152" /><testcase classname="tests.backend_test.TestRoleGating" name="test_super_can_list_users" time="0.168" /><testcase classname="tests.backend_test.TestAuth" name="test_bruteforce_lockout" time="0.844"><failure message="AssertionError: expected 429 after 5 fails; got [401, 401, 401, 401, 401, 401]&#10;assert 429 in [401, 401, 401, 401, 401, 401]">tests/backend_test.py:135: in test_bruteforce_lockout
    assert 429 in statuses, f"expected 429 after 5 fails; got {statuses}"
E   AssertionError: expected 429 after 5 fails; got [401, 401, 401, 401, 401, 401]
E   assert 429 in [401, 401, 401, 401, 401, 401]</failure></testcase><testcase classname="tests.backend_test.TestRoleGating" name="test_admin_cannot_update_settings" time="0.121" /><testcase classname="tests.backend_test.TestRoleGating" name="test_unauth_admin_finance" time="0.124" /><testcase classname="tests.backend_test.TestMessages" name="test_captcha_and_wrong_answer" time="0.268" /><testcase classname="tests.backend_test.TestMessages" name="test_message_valid" time="0.670" /><testcase classname="tests.backend_test.TestAuth" name="test_bcrypt_hash_format" time="0.381" /><testcase classname="tests.backend_test.TestUpload" name="test_nota_uncensored_rejected" time="0.143" /><testcase classname="tests.backend_test.TestAdminMisc" name="test_stats" time="0.212" /><testcase classname="tests.backend_test.TestUpload" name="test_nota_censored_accepted" time="0.504" /><testcase classname="tests.backend_test.TestAdminMisc" name="test_audit_has_login" time="0.403" /></testsuite></testsuites>